[INFO] Scanning for projects...
[INFO] 
[INFO] ---------------------< com.example:InventarioPlus >---------------------
[INFO] Building InventarioPlus 0.0.1-SNAPSHOT
[INFO]   from pom.xml
[INFO] --------------------------------[ war ]---------------------------------
[INFO] 
[INFO] >>> spring-boot:3.5.6:run (default-cli) > test-compile @ InventarioPlus >>>
[INFO] 
[INFO] --- resources:3.3.1:resources (default-resources) @ InventarioPlus ---
[INFO] Copying 1 resource from src\main\resources to target\classes
[INFO] Copying 1 resource from src\main\resources to target\classes
[INFO] 
[INFO] --- compiler:3.14.0:compile (default-compile) @ InventarioPlus ---
[INFO] Nothing to compile - all classes are up to date.
[INFO] 
[INFO] --- resources:3.3.1:testResources (default-testResources) @ InventarioPlus ---
[INFO] skip non existing resourceDirectory C:\Users\PC\Documents\GitHub\inventarioPlus\InitializrSpringbootProject\src\test\resources
[INFO] 
[INFO] --- compiler:3.14.0:testCompile (default-testCompile) @ InventarioPlus ---
[INFO] Nothing to compile - all classes are up to date.
[INFO] 
[INFO] <<< spring-boot:3.5.6:run (default-cli) < test-compile @ InventarioPlus <<<
[INFO] 
[INFO] 
[INFO] --- spring-boot:3.5.6:run (default-cli) @ InventarioPlus ---
[INFO] Attaching agents: []

  .   ____          _            __ _ _
 /\\ / ___'_ __ _ _(_)_ __  __ _ \ \ \ \
( ( )\___ | '_ | '_| | '_ \/ _` | \ \ \ \
 \\/  ___)| |_)| | | | | || (_| |  ) ) ) )
  '  |____| .__|_| |_|_| |_\__, | / / / /
 =========|_|==============|___/=/_/_/_/

 :: Spring Boot ::                (v3.5.6)

2025-10-08T23:15:05.753-06:00  INFO 8440 --- [  restartedMain] c.e.I.InventarioPlusApplication          : Starting InventarioPlusApplication using Java 17.0.11 with PID 8440 (C:\Users\PC\Documents\GitHub\inventarioPlus\InitializrSpringbootProject\target\classes started by PC in C:\Users\PC\Documents\GitHub\inventarioPlus\InitializrSpringbootProject)
2025-10-08T23:15:05.757-06:00  INFO 8440 --- [  restartedMain] c.e.I.InventarioPlusApplication          : No active profile set, falling back to 1 default profile: "default"
2025-10-08T23:15:05.829-06:00  INFO 8440 --- [  restartedMain] .e.DevToolsPropertyDefaultsPostProcessor : Devtools property defaults active! Set 'spring.devtools.add-properties' to 'false' to disable
2025-10-08T23:15:05.830-06:00  INFO 8440 --- [  restartedMain] .e.DevToolsPropertyDefaultsPostProcessor : For additional web related logging consider setting the 'logging.level.web' property to 'DEBUG'
2025-10-08T23:15:07.324-06:00  INFO 8440 --- [  restartedMain] .s.d.r.c.RepositoryConfigurationDelegate : Bootstrapping Spring Data JPA repositories in DEFAULT mode.
2025-10-08T23:15:07.718-06:00  INFO 8440 --- [  restartedMain] .s.d.r.c.RepositoryConfigurationDelegate : Finished Spring Data repository scanning in 371 ms. Found 0 JPA repository interfaces.
2025-10-08T23:15:09.376-06:00  INFO 8440 --- [  restartedMain] o.s.b.w.embedded.tomcat.TomcatWebServer  : Tomcat initialized with port 8080 (http)
2025-10-08T23:15:09.401-06:00  INFO 8440 --- [  restartedMain] o.apache.catalina.core.StandardService   : Starting service [Tomcat]
2025-10-08T23:15:09.401-06:00  INFO 8440 --- [  restartedMain] o.apache.catalina.core.StandardEngine    : Starting Servlet engine: [Apache Tomcat/10.1.46]
2025-10-08T23:15:09.806-06:00  INFO 8440 --- [  restartedMain] org.apache.jasper.servlet.TldScanner     : At least one JAR was scanned for TLDs yet contained no TLDs. Enable debug logging for this logger for a complete list of JARs that were scanned but no TLDs were found in them. Skipping unneeded JARs during scanning can improve startup time and JSP compilation time.
2025-10-08T23:15:09.818-06:00  INFO 8440 --- [  restartedMain] o.a.c.c.C.[Tomcat].[localhost].[/]       : Initializing Spring embedded WebApplicationContext
2025-10-08T23:15:09.819-06:00  INFO 8440 --- [  restartedMain] w.s.c.ServletWebServerApplicationContext : Root WebApplicationContext: initialization completed in 3987 ms
2025-10-08T23:15:10.108-06:00  INFO 8440 --- [  restartedMain] com.zaxxer.hikari.HikariDataSource       : HikariPool-1 - Starting...
2025-10-08T23:15:10.552-06:00  INFO 8440 --- [  restartedMain] com.zaxxer.hikari.pool.HikariPool        : HikariPool-1 - Added connection conn0: url=jdbc:h2:mem:9336f9c6-10c8-495e-904b-90a3a5a8a6c8 user=SA
2025-10-08T23:15:10.555-06:00  INFO 8440 --- [  restartedMain] com.zaxxer.hikari.HikariDataSource       : HikariPool-1 - Start completed.
2025-10-08T23:15:10.628-06:00  INFO 8440 --- [  restartedMain] o.hibernate.jpa.internal.util.LogHelper  : HHH000204: Processing PersistenceUnitInfo [name: default]
2025-10-08T23:15:10.818-06:00  INFO 8440 --- [  restartedMain] org.hibernate.Version                    : HHH000412: Hibernate ORM core version 6.6.29.Final
2025-10-08T23:15:10.914-06:00  INFO 8440 --- [  restartedMain] o.h.c.internal.RegionFactoryInitiator    : HHH000026: Second-level cache disabled
2025-10-08T23:15:11.655-06:00  INFO 8440 --- [  restartedMain] o.s.o.j.p.SpringPersistenceUnitInfo      : No LoadTimeWeaver setup: ignoring JPA class transformer
2025-10-08T23:15:11.817-06:00  INFO 8440 --- [  restartedMain] org.hibernate.orm.connections.pooling    : HHH10001005: Database info:
	Database JDBC URL [Connecting through datasource 'HikariDataSource (HikariPool-1)']
	Database driver: undefined/unknown
	Database version: 2.3.232
	Autocommit mode: undefined/unknown
	Isolation level: undefined/unknown
	Minimum pool size: undefined/unknown
	Maximum pool size: undefined/unknown
2025-10-08T23:15:12.356-06:00  INFO 8440 --- [  restartedMain] o.h.e.t.j.p.i.JtaPlatformInitiator       : HHH000489: No JTA platform available (set 'hibernate.transaction.jta.platform' to enable JTA platform integration)
2025-10-08T23:15:12.367-06:00  INFO 8440 --- [  restartedMain] j.LocalContainerEntityManagerFactoryBean : Initialized JPA EntityManagerFactory for persistence unit 'default'
2025-10-08T23:15:12.430-06:00  WARN 8440 --- [  restartedMain] JpaBaseConfiguration$JpaWebConfiguration : spring.jpa.open-in-view is enabled by default. Therefore, database queries may be performed during view rendering. Explicitly configure spring.jpa.open-in-view to disable this warning
2025-10-08T23:15:12.473-06:00  INFO 8440 --- [  restartedMain] o.s.b.a.w.s.WelcomePageHandlerMapping    : Adding welcome page: class path resource [static/index.html]
2025-10-08T23:15:13.154-06:00  WARN 8440 --- [  restartedMain] ion$DefaultTemplateResolverConfiguration : Cannot find template location: classpath:/templates/ (please add some templates, check your Thymeleaf configuration, or set spring.thymeleaf.check-template-location=false)
2025-10-08T23:15:13.339-06:00  INFO 8440 --- [  restartedMain] o.s.b.a.h2.H2ConsoleAutoConfiguration    : H2 console available at '/h2-console'. Database available at 'jdbc:h2:mem:9336f9c6-10c8-495e-904b-90a3a5a8a6c8'
2025-10-08T23:15:13.570-06:00  INFO 8440 --- [  restartedMain] o.s.b.d.a.OptionalLiveReloadServer       : LiveReload server is running on port 35729
2025-10-08T23:15:13.663-06:00  INFO 8440 --- [  restartedMain] o.s.b.w.embedded.tomcat.TomcatWebServer  : Tomcat started on port 8080 (http) with context path '/'
2025-10-08T23:15:13.681-06:00  INFO 8440 --- [  restartedMain] c.e.I.InventarioPlusApplication          : Started InventarioPlusApplication in 8.848 seconds (process running for 10.402)
2025-10-08T23:15:14.574-06:00  INFO 8440 --- [nio-8080-exec-1] o.a.c.c.C.[Tomcat].[localhost].[/]       : Initializing Spring DispatcherServlet 'dispatcherServlet'
2025-10-08T23:15:14.574-06:00  INFO 8440 --- [nio-8080-exec-1] o.s.web.servlet.DispatcherServlet        : Initializing Servlet 'dispatcherServlet'
2025-10-08T23:15:14.576-06:00  INFO 8440 --- [nio-8080-exec-1] o.s.web.servlet.DispatcherServlet        : Completed initialization in 1 ms
